0 info it worked if it ends with ok
1 verbose cli [ '/usr/bin/node', '/usr/bin/npm', 'run', 'deploy' ]
2 info using npm@3.5.2
3 info using node@v8.10.0
4 verbose run-script [ 'predeploy', 'deploy', 'postdeploy' ]
5 info lifecycle personal-website@0.1.0~predeploy: personal-website@0.1.0
6 verbose lifecycle personal-website@0.1.0~predeploy: unsafe-perm in lifecycle true
7 verbose lifecycle personal-website@0.1.0~predeploy: PATH: /usr/share/npm/bin/node-gyp-bin:/mnt/d/Desktop/personal-website/version 2.0/node_modules/.bin:/home/linuxbrew/.linuxbrew/bin:/home/linuxbrew/.linuxbrew/sbin:/usr/local/sbin:/usr/local/bin:/usr/sbin:/usr/bin:/sbin:/bin:/usr/games:/usr/local/games:/mnt/c/Program Files (x86)/Common Files/Oracle/Java/javapath:/mnt/c/Program Files (x86)/Razer Chroma SDK/bin:/mnt/c/Program Files/Razer Chroma SDK/bin:/mnt/c/Program Files (x86)/Intel/Intel(R) Management Engine Components/iCLS/:/mnt/c/Program Files/Intel/Intel(R) Management Engine Components/iCLS/:/mnt/c/Windows/system32:/mnt/c/Windows:/mnt/c/Windows/System32/Wbem:/mnt/c/Windows/System32/WindowsPowerShell/v1.0/:/mnt/c/Windows/System32/OpenSSH/:/mnt/c/Program Files (x86)/Intel/Intel(R) Management Engine Components/DAL:/mnt/c/Program Files/Intel/Intel(R) Management Engine Components/DAL:/mnt/c/Program Files/Intel/WiFi/bin/:/mnt/c/Program Files/Common Files/Intel/WirelessCommon/:/mnt/c/Program Files (x86)/NVIDIA Corporation/PhysX/Common:/mnt/c/Users/Administrator/AppData/Local/Microsoft/WindowsApps:/mnt/c/Program Files/NVIDIA Corporation/NVIDIA NvDLISR:/mnt/d/Program Files/Yarn/bin/:/mnt/d/Program Files/:/mnt/c/WINDOWS/system32:/mnt/c/WINDOWS:/mnt/c/WINDOWS/System32/Wbem:/mnt/c/WINDOWS/System32/WindowsPowerShell/v1.0/:/mnt/c/WINDOWS/System32/OpenSSH/:/mnt/c/Users/rudyp/AppData/Local/Microsoft/WindowsApps:/mnt/d/Program Files/VSCode/Microsoft VS Code/bin:/mnt/c/Users/rudyp/AppData/Local/hyper/app-3.0.2/resources/bin:/mnt/c/Users/rudyp/AppData/Local/Yarn/bin:/mnt/c/Users/rudyp/AppData/Roaming/npm:/mnt/d/Program Files/Java/bin:/snap/bin
8 verbose lifecycle personal-website@0.1.0~predeploy: CWD: /mnt/d/Desktop/personal-website/version 2.0
9 silly lifecycle personal-website@0.1.0~predeploy: Args: [ '-c', 'yarn run build' ]
10 silly lifecycle personal-website@0.1.0~predeploy: Returned: code: 1  signal: null
11 info lifecycle personal-website@0.1.0~predeploy: Failed to exec predeploy script
12 verbose stack Error: personal-website@0.1.0 predeploy: `yarn run build`
12 verbose stack Exit status 1
12 verbose stack     at EventEmitter.<anonymous> (/usr/share/npm/lib/utils/lifecycle.js:232:16)
12 verbose stack     at emitTwo (events.js:126:13)
12 verbose stack     at EventEmitter.emit (events.js:214:7)
12 verbose stack     at ChildProcess.<anonymous> (/usr/share/npm/lib/utils/spawn.js:24:14)
12 verbose stack     at emitTwo (events.js:126:13)
12 verbose stack     at ChildProcess.emit (events.js:214:7)
12 verbose stack     at maybeClose (internal/child_process.js:925:16)
12 verbose stack     at Process.ChildProcess._handle.onexit (internal/child_process.js:209:5)
13 verbose pkgid personal-website@0.1.0
14 verbose cwd /mnt/d/Desktop/personal-website/version 2.0
15 error Linux 4.4.0-18362-Microsoft
16 error argv "/usr/bin/node" "/usr/bin/npm" "run" "deploy"
17 error node v8.10.0
18 error npm  v3.5.2
19 error code ELIFECYCLE
20 error personal-website@0.1.0 predeploy: `yarn run build`
20 error Exit status 1
21 error Failed at the personal-website@0.1.0 predeploy script 'yarn run build'.
21 error Make sure you have the latest version of node.js and npm installed.
21 error If you do, this is most likely a problem with the personal-website package,
21 error not with npm itself.
21 error Tell the author that this fails on your system:
21 error     yarn run build
21 error You can get information on how to open an issue for this project with:
21 error     npm bugs personal-website
21 error Or if that isn't available, you can get their info via:
21 error     npm owner ls personal-website
21 error There is likely additional logging output above.
22 verbose exit [ 1, true ]
