Arguments: 
  /usr/bin/node /mnt/d/Desktop/personal-website/version 2.0/node_modules/yarn/bin/yarn.js run build

PATH: 
  /usr/share/npm/bin/node-gyp-bin:/mnt/d/Desktop/personal-website/version 2.0/node_modules/.bin:/home/linuxbrew/.linuxbrew/bin:/home/linuxbrew/.linuxbrew/sbin:/usr/local/sbin:/usr/local/bin:/usr/sbin:/usr/bin:/sbin:/bin:/usr/games:/usr/local/games:/mnt/c/Program Files (x86)/Common Files/Oracle/Java/javapath:/mnt/c/Program Files (x86)/Razer Chroma SDK/bin:/mnt/c/Program Files/Razer Chroma SDK/bin:/mnt/c/Program Files (x86)/Intel/Intel(R) Management Engine Components/iCLS/:/mnt/c/Program Files/Intel/Intel(R) Management Engine Components/iCLS/:/mnt/c/Windows/system32:/mnt/c/Windows:/mnt/c/Windows/System32/Wbem:/mnt/c/Windows/System32/WindowsPowerShell/v1.0/:/mnt/c/Windows/System32/OpenSSH/:/mnt/c/Program Files (x86)/Intel/Intel(R) Management Engine Components/DAL:/mnt/c/Program Files/Intel/Intel(R) Management Engine Components/DAL:/mnt/c/Program Files/Intel/WiFi/bin/:/mnt/c/Program Files/Common Files/Intel/WirelessCommon/:/mnt/c/Program Files (x86)/NVIDIA Corporation/PhysX/Common:/mnt/c/Users/Administrator/AppData/Local/Microsoft/WindowsApps:/mnt/c/Program Files/NVIDIA Corporation/NVIDIA NvDLISR:/mnt/d/Program Files/Yarn/bin/:/mnt/d/Program Files/:/mnt/c/WINDOWS/system32:/mnt/c/WINDOWS:/mnt/c/WINDOWS/System32/Wbem:/mnt/c/WINDOWS/System32/WindowsPowerShell/v1.0/:/mnt/c/WINDOWS/System32/OpenSSH/:/mnt/c/Users/rudyp/AppData/Local/Microsoft/WindowsApps:/mnt/d/Program Files/VSCode/Microsoft VS Code/bin:/mnt/c/Users/rudyp/AppData/Local/hyper/app-3.0.2/resources/bin:/mnt/c/Users/rudyp/AppData/Local/Yarn/bin:/mnt/c/Users/rudyp/AppData/Roaming/npm:/mnt/d/Program Files/Java/bin:/snap/bin

Yarn version: 
  1.16.0

Node version: 
  8.10.0

Platform: 
  linux x64

Trace: 
  Error: EACCES: permission denied, scandir '/home/rudyflores/.config/yarn/link'

npm manifest: 
  {
    "name": "personal-website",
    "version": "0.1.0",
    "private": true,
    "homepage": "https://rudypflores.github.io/personal-website/",
    "dependencies": {
      "brew": "0.0.8",
      "gh-pages": "^2.0.1",
      "react": "^16.8.6",
      "react-dom": "^16.8.6",
      "react-scripts": "^3.0.1",
      "yarn": "^1.17.3"
    },
    "scripts": {
      "start": "react-scripts start",
      "predeploy": "yarn run build",
      "deploy": "gh-pages -d build",
      "build": "react-scripts build",
      "test": "react-scripts test",
      "eject": "react-scripts eject"
    },
    "eslintConfig": {
      "extends": "react-app"
    },
    "browserslist": {
      "production": [
        ">0.2%",
        "not dead",
        "not op_mini all"
      ],
      "development": [
        "last 1 chrome version",
        "last 1 firefox version",
        "last 1 safari version"
      ]
    }
  }

yarn manifest: 
  No manifest

Lockfile: 
  No lockfile
